#
# There is insufficient memory for the Java Runtime Environment to continue.
# Native memory allocation (malloc) failed to allocate 1048576 bytes for AllocateHeap
# Possible reasons:
#   The system is out of physical RAM or swap space
#   The process is running with CompressedOops enabled, and the Java Heap may be blocking the growth of the native heap
# Possible solutions:
#   Reduce memory load on the system
#   Increase physical memory or swap space
#   Check if swap backing store is full
#   Decrease Java heap size (-Xmx/-Xms)
#   Decrease number of Java threads
#   Decrease Java thread stack sizes (-Xss)
#   Set larger code cache with -XX:ReservedCodeCacheSize=
# This output file may be truncated or incomplete.
#
#  Out of Memory Error (t:/workspace/open/src/hotspot/share/memory/allocation.cpp:46), pid=19860, tid=20172
#
# JRE version:  (11.0+28) (build )
# Java VM: OpenJDK 64-Bit Server VM (11+28, mixed mode, aot, sharing, tiered, compressed oops, g1 gc, windows-amd64)
# No core dump will be written. Minidumps are not enabled by default on client versions of Windows
#

---------------  S U M M A R Y ------------

Command Line: org.jetbrains.kotlin.cli.jvm.K2JVMCompiler @C:\Users\User\Desktop\aywa\aywa\node_modules\react-native-track-player\android\build\20221031_12395855194326593197.compiler.options

Host: 12th Gen Intel(R) Core(TM) i7-12700H, 20 cores, 15G,  Windows 10 , 64 bit Build 22000 (10.0.22000.708)
Time: Mon Oct 31 18:37:32 2022 RTZ 2 (зима) elapsed time: 0 seconds (0d 0h 0m 0s)

---------------  T H R E A D  ---------------

Current thread (0x000001fc81428000):  JavaThread "Unknown thread" [_thread_in_vm, id=20172, stack(0x0000003a8c800000,0x0000003a8c900000)]

Stack: [0x0000003a8c800000,0x0000003a8c900000]
Native frames: (J=compiled Java code, j=interpreted, Vv=VM code, C=native code)
V  [jvm.dll+0x63adaa]
V  [jvm.dll+0x77852f]
V  [jvm.dll+0x779b18]
V  [jvm.dll+0x77a1d3]
V  [jvm.dll+0x2624c8]
V  [jvm.dll+0xbd5c4]
V  [jvm.dll+0x2f917d]
V  [jvm.dll+0x2f3499]
V  [jvm.dll+0x7517d7]
V  [jvm.dll+0x752f1f]
V  [jvm.dll+0x374099]
V  [jvm.dll+0x738059]
V  [jvm.dll+0x3e35fd]
V  [jvm.dll+0x3e5961]
C  [java.exe+0x3603]
C  [java.exe+0x1746c]
C  [KERNEL32.DLL+0x154e0]
C  [ntdll.dll+0x485b]


---------------  P R O C E S S  ---------------

Threads class SMR info:
_java_thread_list=0x000001fcff1b60c0, length=0, elements={
}

Java Threads: ( => current thread )

Other Threads:
  0x000001fc81440800 GCTaskThread "GC Thread#0" [stack: 0x0000003a8c900000,0x0000003a8ca00000] [id=21648]

[error occurred during error reporting (printing all threads), id 0xc0000005, EXCEPTION_ACCESS_VIOLATION (0xc0000005) at pc=0x00007ff945a0df40]

VM state:not at safepoint (not fully initialized)

VM Mutex/Monitor currently owned by a thread:  ([mutex/lock_event])
[0x000001fc81425650] Heap_lock - owner thread: 0x000001fc81428000

Heap address: 0x0000000704400000, size: 4028 MB, Compressed Oops mode: Non-zero based: 0x0000000704400000
Narrow klass base: 0x0000000000000000, Narrow klass shift: 0

GC Heap History (0 events):
No events

Deoptimization events (0 events):
No events

Classes redefined (0 events):
No events

Internal exceptions (0 events):
No events

Events (0 events):
No events


Dynamic libraries:
0x00007ff7a4670000 - 0x00007ff7a46b5000 	C:\Program Files\Java\jdk-11\bin\java.exe
0x00007ff9d5740000 - 0x00007ff9d5949000 	C:\Windows\SYSTEM32\ntdll.dll
0x00007ff9d4170000 - 0x00007ff9d422d000 	C:\Windows\System32\KERNEL32.DLL
0x00007ff9d2d40000 - 0x00007ff9d30bc000 	C:\Windows\System32\KERNELBASE.dll
0x00007ff9d3d10000 - 0x00007ff9d3ebd000 	C:\Windows\System32\USER32.dll
0x00007ff9d31d0000 - 0x00007ff9d31f6000 	C:\Windows\System32\win32u.dll
0x00007ff9d4130000 - 0x00007ff9d4159000 	C:\Windows\System32\GDI32.dll
0x00007ff9d3340000 - 0x00007ff9d3459000 	C:\Windows\System32\gdi32full.dll
0x00007ff9d3130000 - 0x00007ff9d31cd000 	C:\Windows\System32\msvcp_win.dll
0x00007ff9d2c20000 - 0x00007ff9d2d31000 	C:\Windows\System32\ucrtbase.dll
0x00007ff9c7160000 - 0x00007ff9c7405000 	C:\Windows\WinSxS\amd64_microsoft.windows.common-controls_6595b64144ccf1df_6.0.22000.120_none_9d947278b86cc467\COMCTL32.dll
0x00007ff9d49a0000 - 0x00007ff9d4a43000 	C:\Windows\System32\msvcrt.dll
0x00007ff9d3b20000 - 0x00007ff9d3b51000 	C:\Windows\System32\IMM32.DLL
0x00007ff9a4910000 - 0x00007ff9a4926000 	C:\Program Files\Java\jdk-11\bin\vcruntime140.dll
0x00007ff97a740000 - 0x00007ff97a7ea000 	C:\Program Files\Java\jdk-11\bin\msvcp140.dll
0x00007ff945710000 - 0x00007ff946251000 	C:\Program Files\Java\jdk-11\bin\server\jvm.dll
0x00007ff9d4850000 - 0x00007ff9d48fe000 	C:\Windows\System32\ADVAPI32.dll
0x00007ff9d4900000 - 0x00007ff9d499e000 	C:\Windows\System32\sechost.dll
0x00007ff9d3bf0000 - 0x00007ff9d3d10000 	C:\Windows\System32\RPCRT4.dll
0x00007ff9d4440000 - 0x00007ff9d4448000 	C:\Windows\System32\PSAPI.DLL
0x00007ff9ccde0000 - 0x00007ff9ccde9000 	C:\Windows\SYSTEM32\WSOCK32.dll
0x00007ff9d4c40000 - 0x00007ff9d4caf000 	C:\Windows\System32\WS2_32.dll
0x00007ff9d0ba0000 - 0x00007ff9d0bd3000 	C:\Windows\SYSTEM32\WINMM.dll
0x00007ff9c8670000 - 0x00007ff9c867a000 	C:\Windows\SYSTEM32\VERSION.dll
0x00007ff9d1d10000 - 0x00007ff9d1d28000 	C:\Windows\SYSTEM32\kernel.appcore.dll
0x00007ff9a48f0000 - 0x00007ff9a4901000 	C:\Program Files\Java\jdk-11\bin\verify.dll
0x00007ff9d05c0000 - 0x00007ff9d07e1000 	C:\Windows\SYSTEM32\DBGHELP.DLL
0x00007ff9c8ea0000 - 0x00007ff9c8ed1000 	C:\Windows\SYSTEM32\dbgcore.DLL
0x00007ff9d3200000 - 0x00007ff9d327f000 	C:\Windows\System32\bcryptPrimitives.dll
0x00007ff9a4440000 - 0x00007ff9a4468000 	C:\Program Files\Java\jdk-11\bin\java.dll
0x00007ff9a2c90000 - 0x00007ff9a2ca6000 	C:\Program Files\Java\jdk-11\bin\zip.dll
0x00007ff9ce080000 - 0x00007ff9ce08a000 	C:\Program Files\Java\jdk-11\bin\jimage.dll

dbghelp: loaded successfully - version: 4.0.5 - missing functions: none
symbol engine: initialized successfully - sym options: 0x614 - pdb path: .;C:\Program Files\Java\jdk-11\bin;C:\Windows\SYSTEM32;C:\Windows\WinSxS\amd64_microsoft.windows.common-controls_6595b64144ccf1df_6.0.22000.120_none_9d947278b86cc467;C:\Program Files\Java\jdk-11\bin\server

VM Arguments:
java_command: org.jetbrains.kotlin.cli.jvm.K2JVMCompiler @C:\Users\User\Desktop\aywa\aywa\node_modules\react-native-track-player\android\build\20221031_12395855194326593197.compiler.options
java_class_path (initial): C:\Users\User\.gradle\caches\modules-2\files-2.1\org.jetbrains.kotlin\kotlin-compiler-embeddable\1.7.10\909803167c98606fcf22b4c848647c68e351d48d\kotlin-compiler-embeddable-1.7.10.jar;C:\Users\User\.gradle\caches\modules-2\files-2.1\org.jetbrains.kotlin\kotlin-reflect\1.7.10\165e600dfea6185cf5efa700756294cc4904dbeb\kotlin-reflect-1.7.10.jar;C:\Users\User\.gradle\caches\modules-2\files-2.1\org.jetbrains.kotlin\kotlin-stdlib\1.7.10\d2abf9e77736acc4450dc4a3f707fa2c10f5099d\kotlin-stdlib-1.7.10.jar;C:\Users\User\.gradle\caches\modules-2\files-2.1\org.jetbrains.kotlin\kotlin-script-runtime\1.7.10\c99c87a6988d8fd8d5142e9ed5c9f34a7cf561ee\kotlin-script-runtime-1.7.10.jar;C:\Users\User\.gradle\caches\modules-2\files-2.1\org.jetbrains.kotlin\kotlin-daemon-embeddable\1.7.10\3a9f7aef7080d3ae63126cbba4f827ed664f32fa\kotlin-daemon-embeddable-1.7.10.jar;C:\Users\User\.gradle\caches\modules-2\files-2.1\org.jetbrains.intellij.deps\trove4j\1.0.20200330\3afb14d5f9ceb459d724e907a21145e8ff394f02\trove4j-1.0.20200330.jar;C:\Users\User\.gradle\caches\modules-2\files-2.1\net.java.dev.jna\jna\5.6.0\330f2244e9030119ab3030fc3fededc86713d9cc\jna-5.6.0.jar;C:\Users\User\.gradle\caches\modules-2\files-2.1\org.jetbrains.kotlin\kotlin-stdlib-common\1.7.10\bac80c520d0a9e3f3673bc2658c6ed02ef45a76a\kotlin-stdlib-common-1.7.10.jar;C:\Users\User\.gradle\caches\modules-2\files-2.1\org.jetbrains\annotations\13.0\919f0dfe192fb4e063e7dacadee7f8bb9a2672a9\annotations-13.0.jar
Launcher Type: SUN_STANDARD

[Global flags]
     intx CICompilerCount                          = 12                                        {product} {ergonomic}
     uint ConcGCThreads                            = 4                                         {product} {ergonomic}
     uint G1ConcRefinementThreads                  = 15                                        {product} {ergonomic}
   size_t G1HeapRegionSize                         = 1048576                                   {product} {ergonomic}
    uintx GCDrainStackTargetSize                   = 64                                        {product} {ergonomic}
   size_t InitialHeapSize                          = 264241152                                 {product} {ergonomic}
   size_t MarkStackSize                            = 4194304                                   {product} {ergonomic}
   size_t MaxHeapSize                              = 4223664128                                {product} {ergonomic}
   size_t MinHeapDeltaBytes                        = 1048576                                   {product} {ergonomic}
    uintx NonNMethodCodeHeapSize                   = 7591728                                {pd product} {ergonomic}
    uintx NonProfiledCodeHeapSize                  = 122033256                              {pd product} {ergonomic}
    uintx ProfiledCodeHeapSize                     = 122033256                              {pd product} {ergonomic}
    uintx ReservedCodeCacheSize                    = 251658240                              {pd product} {ergonomic}
     bool SegmentedCodeCache                       = true                                      {product} {ergonomic}
     bool UseCompressedClassPointers               = true                                 {lp64_product} {ergonomic}
     bool UseCompressedOops                        = true                                 {lp64_product} {ergonomic}
     bool UseG1GC                                  = true                                      {product} {ergonomic}
     bool UseLargePagesIndividualAllocation        = false                                  {pd product} {ergonomic}

Logging:
Log output configuration:
 #0: stdout all=warning uptime,level,tags
 #1: stderr all=off uptime,level,tags

Environment Variables:
JAVA_HOME=C:\Program Files\Java\jdk-11
CLASSPATH=C:\Users\User\Desktop\aywa\aywa\android\\gradle\wrapper\gradle-wrapper.jar
PATH=C:\Program Files\Common Files\Oracle\Java\javapath;C:\Program Files (x86)\Common Files\Oracle\Java\javapath;C:\Windows\System32\HWAudioDriverLibs;C:\Windows\system32;C:\Windows;C:\Windows\System32\Wbem;C:\Windows\System32\WindowsPowerShell\v1.0\;C:\Windows\System32\OpenSSH\;C:\Users\Administrator\AppData\Local\Microsoft\WindowsApps;C:\Program Files\Git\cmd;C:\Program Files\nodejs\;%JAVA_HOME%\bin;%ANDRIOD_HOME%;D:\MongoDB\Server\6.0\bin;D:\mongosh-1.5.4\bin;%ANDRIOD_HOME%\watchman;%ANDRIOD_HOME%\platform-tools;C:\Users\User\AppData\Local\Microsoft\WindowsApps;C:\Users\User\AppData\Local\Programs\Microsoft VS Code\bin;C:\Users\User\AppData\Roaming\npm
USERNAME=User
OS=Windows_NT
PROCESSOR_IDENTIFIER=Intel64 Family 6 Model 154 Stepping 3, GenuineIntel



---------------  S Y S T E M  ---------------

OS: Windows 10 , 64 bit Build 22000 (10.0.22000.708)

CPU:total 20 (initial active 20) (10 cores per cpu, 2 threads per core) family 6 model 154 stepping 3, cmov, cx8, fxsr, mmx, sse, sse2, sse3, ssse3, sse4.1, sse4.2, popcnt, avx, avx2, aes, clmul, erms, 3dnowpref, lzcnt, ht, tsc, tscinvbit, bmi1, bmi2, adx, sha, fma

Memory: 4k page, system-wide physical 16110M (531M free)
TotalPageFile size 31470M (AvailPageFile size 3M)
current process WorkingSet (physical memory assigned to process): 10M, peak: 10M
current process commit charge ("private bytes"): 75M, peak: 76M

vm_info: OpenJDK 64-Bit Server VM (11+28) for windows-amd64 JRE (11+28), built on Aug 23 2018 03:04:58 by "mach5one" with MS VC++ 15.5 (VS2017)

END.
